<?xml version="1.0" encoding="UTF-8"?>
<testng-results skipped="0" failed="0" ignored="0" total="1" passed="1">
  <reporter-output>
  </reporter-output>
  <suite name="Default suite" duration-ms="5620" started-at="2021-03-11T01:29:00Z" finished-at="2021-03-11T01:29:05Z">
    <groups>
    </groups>
    <test name="Default test" duration-ms="5620" started-at="2021-03-11T01:29:00Z" finished-at="2021-03-11T01:29:05Z">
      <class name="TestCases.POST_Or_Create_a_Product">
        <test-method status="PASS" signature="creat_a_Product()[pri:0, instance:TestCases.POST_Or_Create_a_Product@159f197]" name="creat_a_Product" duration-ms="5548" started-at="2021-03-11T01:29:00Z" finished-at="2021-03-11T01:29:05Z">
          <reporter-output>
          </reporter-output>
        </test-method> <!-- creat_a_Product -->
      </class> <!-- TestCases.POST_Or_Create_a_Product -->
    </test> <!-- Default test -->
  </suite> <!-- Default suite -->
</testng-results>
